#
# A fatal error has been detected by the Java Runtime Environment:
#
#  SIGSEGV (0xb) at pc=0x00007f8b314b1314, pid=8933, tid=0x00007f8b60190700
#
# JRE version: Java(TM) SE Runtime Environment (8.0_101-b13) (build 1.8.0_101-b13)
# Java VM: Java HotSpot(TM) 64-Bit Server VM (25.101-b13 mixed mode linux-amd64 compressed oops)
# Problematic frame:
# C  [libglpk.so.36+0xa0314]
#
# Failed to write core dump. Core dumps have been disabled. To enable core dumping, try "ulimit -c unlimited" before starting Java again
#
# If you would like to submit a bug report, please visit:
#   http://bugreport.java.com/bugreport/crash.jsp
# The crash happened outside the Java Virtual Machine in native code.
# See problematic frame for where to report the bug.
#

---------------  T H R E A D  ---------------

Current thread (0x00007f8b8030e800):  JavaThread "AWT-EventQueue-0" [_thread_in_native, id=8953, stack(0x00007f8b60090000,0x00007f8b60191000)]

siginfo: si_signo: 11 (SIGSEGV), si_code: 1 (SEGV_MAPERR), si_addr: 0x000000006b63706c

Registers:
RAX=0x0000000000000000, RBX=0x000000006b636f6c, RCX=0x00007f8b6018d1b8, RDX=0x1c98fe79ff1d8f67
RSP=0x00007f8b6018d020, RBP=0x00007f8b6018d198, RSI=0x00007f8b6018d060, RDI=0x000000006b636f6c
R8 =0x0000000000000000, R9 =0x000000000000000c, R10=0x00007f8b6018ce10, R11=0x00007f8b3141c890
R12=0x0000000000000000, R13=0x00007f8b31ea45a0, R14=0x00007f8b6018d1c8, R15=0x00007f8b8030e800
RIP=0x00007f8b314b1314, EFLAGS=0x0000000000010246, CSGSFS=0x0000000000000033, ERR=0x0000000000000004
  TRAPNO=0x000000000000000e

Top of Stack: (sp=0x00007f8b6018d020)
0x00007f8b6018d020:   00007f8b381e7720 00007f8b31419913
0x00007f8b6018d030:   00007f8b381e7720 00007f8b3141c8ce
0x00007f8b6018d040:   00007f8b31ea45a0 00007f8b3170083b
0x00007f8b6018d050:   00007f8b8030e9f8 00007f8b381e7720
0x00007f8b6018d060:   00007f8b31ea45a0 1c98fe79fc8d8f67
0x00007f8b6018d070:   0000000000000000 00007f8b31ea45a0
0x00007f8b6018d080:   00007f8b6018d1c8 00007f8b8030e800
0x00007f8b6018d090:   1c98fe79ff1d8f67 1c985ca8503d8f67
0x00007f8b6018d0a0:   00007f8b00000000 00007f8b8030e800
0x00007f8b6018d0b0:   00007f8b31ea45a0 00007f8b8030e800
0x00007f8b6018d0c0:   00007f8b31ea45a0 00007f8b8030e800
0x00007f8b6018d0d0:   0000000000000000 00007f8b31ea45a0
0x00007f8b6018d0e0:   00007f8b8030e800 00007f8b31ea45a0
0x00007f8b6018d0f0:   00007f8b8030e800 00007f8b31eb04f8
0x00007f8b6018d100:   00007f8b6018d140 00007f8b31ea45a0
0x00007f8b6018d110:   0000000000000000 00007f8b31ea45a0
0x00007f8b6018d120:   00007f8b6018d198 00007f8b710156b2
0x00007f8b6018d130:   00007f8b31ea45a0 00007f8b71015814
0x00007f8b6018d140:   00007f8b6018d198 00007f8b710155a7
0x00007f8b6018d150:   00007f8b71015562 00007f8b6018d158
0x00007f8b6018d160:   00007f8b31ea45a0 00007f8b6018d1c8
0x00007f8b6018d170:   00007f8b31eadf00 0000000000000000
0x00007f8b6018d180:   00007f8b31ea45a0 0000000000000000
0x00007f8b6018d190:   00007f8b6018d1b8 00007f8b6018d210
0x00007f8b6018d1a0:   00007f8b710082bd 00000000ee1c6eb8
0x00007f8b6018d1b0:   00007f8b71011538 00000000ee1cb710
0x00007f8b6018d1c0:   00007f8b381e7720 00000000ee1cb710
0x00007f8b6018d1d0:   00007f8b6018d1d0 00007f8b31e88ebd
0x00007f8b6018d1e0:   00007f8b6018d220 00007f8b31e929b8
0x00007f8b6018d1f0:   0000000000000000 00007f8b31e88ec8
0x00007f8b6018d200:   00007f8b6018d1b8 00007f8b6018d220
0x00007f8b6018d210:   00007f8b6018d268 00007f8b710082bd 

Instructions: (pc=0x00007f8b314b1314)
0x00007f8b314b12f4:   ff 66 66 2e 0f 1f 84 00 00 00 00 00 48 8b 87 10
0x00007f8b314b1304:   01 00 00 c3 0f 1f 84 00 00 00 00 00 53 48 89 fb
0x00007f8b314b1314:   48 8b bf 00 01 00 00 48 85 ff 74 1b 48 8b 17 48
0x00007f8b314b1324:   89 93 00 01 00 00 e8 a1 62 f6 ff 48 8b bb 00 01 

Register to memory mapping:

RAX=0x0000000000000000 is an unknown value
RBX=0x000000006b636f6c is an unknown value
RCX=0x00007f8b6018d1b8 is pointing into the stack for thread: 0x00007f8b8030e800
RDX=0x1c98fe79ff1d8f67 is an unknown value
RSP=0x00007f8b6018d020 is pointing into the stack for thread: 0x00007f8b8030e800
RBP=0x00007f8b6018d198 is pointing into the stack for thread: 0x00007f8b8030e800
RSI=0x00007f8b6018d060 is pointing into the stack for thread: 0x00007f8b8030e800
RDI=0x000000006b636f6c is an unknown value
R8 =0x0000000000000000 is an unknown value
R9 =0x000000000000000c is an unknown value
R10=0x00007f8b6018ce10 is pointing into the stack for thread: 0x00007f8b8030e800
R11=0x00007f8b3141c890: glp_delete_prob+0 in /usr/lib/x86_64-linux-gnu/libglpk.so.36 at 0x00007f8b31411000
R12=0x0000000000000000 is an unknown value
R13={method} {0x00007f8b31ea45a0} 'glp_delete_prob' '(JLorg/gnu/glpk/glp_prob;)V' in 'org/gnu/glpk/GLPKJNI'
R14=0x00007f8b6018d1c8 is pointing into the stack for thread: 0x00007f8b8030e800
R15=0x00007f8b8030e800 is a thread


Stack: [0x00007f8b60090000,0x00007f8b60191000],  sp=0x00007f8b6018d020,  free space=1012k
Native frames: (J=compiled Java code, j=interpreted, Vv=VM code, C=native code)
C  [libglpk.so.36+0xa0314]
j  org.gnu.glpk.GLPK.glp_delete_prob(Lorg/gnu/glpk/glp_prob;)V+5
j  Formulation.calculation(I)Z+1682
j  CompoundFormulation.formulaBtnActionPerformed(Ljava/awt/event/ActionEvent;)V+837
j  CompoundFormulation.access$1400(LCompoundFormulation;Ljava/awt/event/ActionEvent;)V+2
j  CompoundFormulation$18.actionPerformed(Ljava/awt/event/ActionEvent;)V+5
j  javax.swing.AbstractButton.fireActionPerformed(Ljava/awt/event/ActionEvent;)V+83
j  javax.swing.AbstractButton$Handler.actionPerformed(Ljava/awt/event/ActionEvent;)V+5
j  javax.swing.DefaultButtonModel.fireActionPerformed(Ljava/awt/event/ActionEvent;)V+34
j  javax.swing.DefaultButtonModel.setPressed(Z)V+117
j  javax.swing.plaf.basic.BasicButtonListener.mouseReleased(Ljava/awt/event/MouseEvent;)V+35
j  java.awt.AWTEventMulticaster.mouseReleased(Ljava/awt/event/MouseEvent;)V+8
j  java.awt.Component.processMouseEvent(Ljava/awt/event/MouseEvent;)V+64
j  javax.swing.JComponent.processMouseEvent(Ljava/awt/event/MouseEvent;)V+23
J 2350 C1 java.awt.Component.processEvent(Ljava/awt/AWTEvent;)V (220 bytes) @ 0x00007f8b7179e65c [0x00007f8b7179e140+0x51c]
J 2242 C1 java.awt.Container.processEvent(Ljava/awt/AWTEvent;)V (22 bytes) @ 0x00007f8b71717744 [0x00007f8b71717420+0x324]
J 2160 C1 java.awt.Component.dispatchEventImpl(Ljava/awt/AWTEvent;)V (883 bytes) @ 0x00007f8b716cbd7c [0x00007f8b716c6900+0x547c]
J 1884 C1 java.awt.Container.dispatchEventImpl(Ljava/awt/AWTEvent;)V (129 bytes) @ 0x00007f8b715e5f64 [0x00007f8b715e5e20+0x144]
J 1883 C1 java.awt.Component.dispatchEvent(Ljava/awt/AWTEvent;)V (6 bytes) @ 0x00007f8b715e6f04 [0x00007f8b715e6e00+0x104]
j  java.awt.LightweightDispatcher.retargetMouseEvent(Ljava/awt/Component;ILjava/awt/event/MouseEvent;)V+327
J 2249 C1 java.awt.LightweightDispatcher.processMouseEvent(Ljava/awt/event/MouseEvent;)Z (286 bytes) @ 0x00007f8b7171fadc [0x00007f8b7171e3c0+0x171c]
J 2326 C1 java.awt.LightweightDispatcher.dispatchEvent(Ljava/awt/AWTEvent;)Z (73 bytes) @ 0x00007f8b7177ff34 [0x00007f8b7177fb00+0x434]
J 1884 C1 java.awt.Container.dispatchEventImpl(Ljava/awt/AWTEvent;)V (129 bytes) @ 0x00007f8b715e5f04 [0x00007f8b715e5e20+0xe4]
J 2174 C1 java.awt.Window.dispatchEventImpl(Ljava/awt/AWTEvent;)V (23 bytes) @ 0x00007f8b716dee84 [0x00007f8b716de8a0+0x5e4]
J 2344 C1 java.awt.EventQueue.dispatchEventImpl(Ljava/awt/AWTEvent;Ljava/lang/Object;)V (149 bytes) @ 0x00007f8b7179a46c [0x00007f8b71798c40+0x182c]
J 2276 C1 java.awt.EventQueue$3.run()Ljava/lang/Void; (60 bytes) @ 0x00007f8b71735484 [0x00007f8b71735280+0x204]
J 2275 C1 java.awt.EventQueue$3.run()Ljava/lang/Object; (5 bytes) @ 0x00007f8b71734f0c [0x00007f8b71734e80+0x8c]
v  ~StubRoutines::call_stub
V  [libjvm.so+0x68f6b6]  JavaCalls::call_helper(JavaValue*, methodHandle*, JavaCallArguments*, Thread*)+0x1056
V  [libjvm.so+0x72851c]  JVM_DoPrivileged+0x27c
J 1136  java.security.AccessController.doPrivileged(Ljava/security/PrivilegedAction;Ljava/security/AccessControlContext;)Ljava/lang/Object; (0 bytes) @ 0x00007f8b7138c7d5 [0x00007f8b7138c700+0xd5]
J 2297 C1 java.awt.EventQueue$4.run()Ljava/lang/Object; (5 bytes) @ 0x00007f8b71769ba4 [0x00007f8b71769780+0x424]
v  ~StubRoutines::call_stub
V  [libjvm.so+0x68f6b6]  JavaCalls::call_helper(JavaValue*, methodHandle*, JavaCallArguments*, Thread*)+0x1056
V  [libjvm.so+0x72851c]  JVM_DoPrivileged+0x27c
J 1136  java.security.AccessController.doPrivileged(Ljava/security/PrivilegedAction;Ljava/security/AccessControlContext;)Ljava/lang/Object; (0 bytes) @ 0x00007f8b7138c7d5 [0x00007f8b7138c700+0xd5]
J 2089 C1 java.awt.EventQueue.dispatchEvent(Ljava/awt/AWTEvent;)V (80 bytes) @ 0x00007f8b7168481c [0x00007f8b716843a0+0x47c]
J 2284 C1 java.awt.EventDispatchThread.pumpOneEventForFilters(I)V (295 bytes) @ 0x00007f8b7173b254 [0x00007f8b71739700+0x1b54]
j  java.awt.EventDispatchThread.pumpEventsForFilter(ILjava/awt/Conditional;Ljava/awt/EventFilter;)V+35
j  java.awt.EventDispatchThread.pumpEventsForHierarchy(ILjava/awt/Conditional;Ljava/awt/Component;)V+11
j  java.awt.EventDispatchThread.pumpEvents(ILjava/awt/Conditional;)V+4
j  java.awt.EventDispatchThread.pumpEvents(Ljava/awt/Conditional;)V+3
j  java.awt.EventDispatchThread.run()V+9
v  ~StubRoutines::call_stub
V  [libjvm.so+0x68f6b6]  JavaCalls::call_helper(JavaValue*, methodHandle*, JavaCallArguments*, Thread*)+0x1056
V  [libjvm.so+0x68fbc1]  JavaCalls::call_virtual(JavaValue*, KlassHandle, Symbol*, Symbol*, JavaCallArguments*, Thread*)+0x321
V  [libjvm.so+0x690067]  JavaCalls::call_virtual(JavaValue*, Handle, KlassHandle, Symbol*, Symbol*, Thread*)+0x47
V  [libjvm.so+0x726fc0]  thread_entry(JavaThread*, Thread*)+0xa0
V  [libjvm.so+0xa7343f]  JavaThread::thread_main_inner()+0xdf
V  [libjvm.so+0xa7356c]  JavaThread::run()+0x11c
V  [libjvm.so+0x924698]  java_start(Thread*)+0x108
C  [libpthread.so.0+0x80a4]  start_thread+0xc4

Java frames: (J=compiled Java code, j=interpreted, Vv=VM code)
j  org.gnu.glpk.GLPKJNI.glp_delete_prob(JLorg/gnu/glpk/glp_prob;)V+0
j  org.gnu.glpk.GLPK.glp_delete_prob(Lorg/gnu/glpk/glp_prob;)V+5
j  Formulation.calculation(I)Z+1682
j  CompoundFormulation.formulaBtnActionPerformed(Ljava/awt/event/ActionEvent;)V+837
j  CompoundFormulation.access$1400(LCompoundFormulation;Ljava/awt/event/ActionEvent;)V+2
j  CompoundFormulation$18.actionPerformed(Ljava/awt/event/ActionEvent;)V+5
j  javax.swing.AbstractButton.fireActionPerformed(Ljava/awt/event/ActionEvent;)V+83
j  javax.swing.AbstractButton$Handler.actionPerformed(Ljava/awt/event/ActionEvent;)V+5
j  javax.swing.DefaultButtonModel.fireActionPerformed(Ljava/awt/event/ActionEvent;)V+34
j  javax.swing.DefaultButtonModel.setPressed(Z)V+117
j  javax.swing.plaf.basic.BasicButtonListener.mouseReleased(Ljava/awt/event/MouseEvent;)V+35
j  java.awt.AWTEventMulticaster.mouseReleased(Ljava/awt/event/MouseEvent;)V+8
j  java.awt.Component.processMouseEvent(Ljava/awt/event/MouseEvent;)V+64
j  javax.swing.JComponent.processMouseEvent(Ljava/awt/event/MouseEvent;)V+23
J 2350 C1 java.awt.Component.processEvent(Ljava/awt/AWTEvent;)V (220 bytes) @ 0x00007f8b7179e65c [0x00007f8b7179e140+0x51c]
J 2242 C1 java.awt.Container.processEvent(Ljava/awt/AWTEvent;)V (22 bytes) @ 0x00007f8b71717744 [0x00007f8b71717420+0x324]
J 2160 C1 java.awt.Component.dispatchEventImpl(Ljava/awt/AWTEvent;)V (883 bytes) @ 0x00007f8b716cbd7c [0x00007f8b716c6900+0x547c]
J 1884 C1 java.awt.Container.dispatchEventImpl(Ljava/awt/AWTEvent;)V (129 bytes) @ 0x00007f8b715e5f64 [0x00007f8b715e5e20+0x144]
J 1883 C1 java.awt.Component.dispatchEvent(Ljava/awt/AWTEvent;)V (6 bytes) @ 0x00007f8b715e6f04 [0x00007f8b715e6e00+0x104]
j  java.awt.LightweightDispatcher.retargetMouseEvent(Ljava/awt/Component;ILjava/awt/event/MouseEvent;)V+327
J 2249 C1 java.awt.LightweightDispatcher.processMouseEvent(Ljava/awt/event/MouseEvent;)Z (286 bytes) @ 0x00007f8b7171fadc [0x00007f8b7171e3c0+0x171c]
J 2326 C1 java.awt.LightweightDispatcher.dispatchEvent(Ljava/awt/AWTEvent;)Z (73 bytes) @ 0x00007f8b7177ff34 [0x00007f8b7177fb00+0x434]
J 1884 C1 java.awt.Container.dispatchEventImpl(Ljava/awt/AWTEvent;)V (129 bytes) @ 0x00007f8b715e5f04 [0x00007f8b715e5e20+0xe4]
J 2174 C1 java.awt.Window.dispatchEventImpl(Ljava/awt/AWTEvent;)V (23 bytes) @ 0x00007f8b716dee84 [0x00007f8b716de8a0+0x5e4]
J 2344 C1 java.awt.EventQueue.dispatchEventImpl(Ljava/awt/AWTEvent;Ljava/lang/Object;)V (149 bytes) @ 0x00007f8b7179a46c [0x00007f8b71798c40+0x182c]
J 2276 C1 java.awt.EventQueue$3.run()Ljava/lang/Void; (60 bytes) @ 0x00007f8b71735484 [0x00007f8b71735280+0x204]
J 2275 C1 java.awt.EventQueue$3.run()Ljava/lang/Object; (5 bytes) @ 0x00007f8b71734f0c [0x00007f8b71734e80+0x8c]
v  ~StubRoutines::call_stub
J 1136  java.security.AccessController.doPrivileged(Ljava/security/PrivilegedAction;Ljava/security/AccessControlContext;)Ljava/lang/Object; (0 bytes) @ 0x00007f8b7138c763 [0x00007f8b7138c700+0x63]
J 2297 C1 java.awt.EventQueue$4.run()Ljava/lang/Object; (5 bytes) @ 0x00007f8b71769ba4 [0x00007f8b71769780+0x424]
v  ~StubRoutines::call_stub
J 1136  java.security.AccessController.doPrivileged(Ljava/security/PrivilegedAction;Ljava/security/AccessControlContext;)Ljava/lang/Object; (0 bytes) @ 0x00007f8b7138c763 [0x00007f8b7138c700+0x63]
J 2089 C1 java.awt.EventQueue.dispatchEvent(Ljava/awt/AWTEvent;)V (80 bytes) @ 0x00007f8b7168481c [0x00007f8b716843a0+0x47c]
J 2284 C1 java.awt.EventDispatchThread.pumpOneEventForFilters(I)V (295 bytes) @ 0x00007f8b7173b254 [0x00007f8b71739700+0x1b54]
j  java.awt.EventDispatchThread.pumpEventsForFilter(ILjava/awt/Conditional;Ljava/awt/EventFilter;)V+35
j  java.awt.EventDispatchThread.pumpEventsForHierarchy(ILjava/awt/Conditional;Ljava/awt/Component;)V+11
j  java.awt.EventDispatchThread.pumpEvents(ILjava/awt/Conditional;)V+4
j  java.awt.EventDispatchThread.pumpEvents(Ljava/awt/Conditional;)V+3
j  java.awt.EventDispatchThread.run()V+9
v  ~StubRoutines::call_stub

---------------  P R O C E S S  ---------------

Java Threads: ( => current thread )
  0x00007f8b40018000 JavaThread "H2 TCP Server (tcp://172.16.9.212:9092) thread" [_thread_in_native, id=8975, stack(0x00007f8b3191b000,0x00007f8b31a1c000)]
  0x00007f8b40016800 JavaThread "H2 TCP Server (tcp://172.16.9.212:9092) thread" [_thread_in_native, id=8974, stack(0x00007f8b31a1c000,0x00007f8b31b1d000)]
  0x00007f8b40014800 JavaThread "H2 TCP Server (tcp://172.16.9.212:9092) thread" [_thread_in_native, id=8973, stack(0x00007f8b31b1d000,0x00007f8b31c1e000)]
  0x00007f8b40013800 JavaThread "H2 TCP Server (tcp://172.16.9.212:9092) thread" [_thread_in_native, id=8972, stack(0x00007f8b31c1e000,0x00007f8b31d1f000)]
  0x00007f8b4000f800 JavaThread "H2 TCP Server (tcp://172.16.9.212:9092) thread" [_thread_in_native, id=8971, stack(0x00007f8b31d1f000,0x00007f8b31e20000)]
  0x00007f8b4000d000 JavaThread "H2 TCP Server (tcp://172.16.9.212:9092) thread" [_thread_in_native, id=8970, stack(0x00007f8b32020000,0x00007f8b32121000)]
  0x00007f8b4000b800 JavaThread "H2 TCP Server (tcp://172.16.9.212:9092) thread" [_thread_in_native, id=8969, stack(0x00007f8b32121000,0x00007f8b32222000)]
  0x00007f8b40009800 JavaThread "H2 TCP Server (tcp://172.16.9.212:9092) thread" [_thread_in_native, id=8968, stack(0x00007f8b32222000,0x00007f8b32323000)]
  0x00007f8b3c02e000 JavaThread "H2 Log Writer FEED2702" daemon [_thread_blocked, id=8964, stack(0x00007f8b32624000,0x00007f8b32725000)]
  0x00007f8b3c01e800 JavaThread "H2 TCP Server (tcp://172.16.9.212:55798)" daemon [_thread_in_native, id=8962, stack(0x00007f8b32725000,0x00007f8b32826000)]
  0x00007f8b3c016000 JavaThread "H2 File Lock Watchdog /root/feed2702.lock.db" daemon [_thread_blocked, id=8961, stack(0x00007f8b32826000,0x00007f8b32927000)]
  0x00007f8b40008000 JavaThread "H2 TCP Server (tcp://172.16.9.212:9092) thread" [_thread_in_native, id=8959, stack(0x00007f8b32927000,0x00007f8b32a28000)]
  0x00007f8b380c5800 JavaThread "H2 TCP Server (tcp://172.16.9.212:9092)" [_thread_in_native, id=8956, stack(0x00007f8b32a28000,0x00007f8b32b29000)]
  0x00007f8b38010000 JavaThread "TimerQueue" daemon [_thread_blocked, id=8955, stack(0x00007f8b32d29000,0x00007f8b32e2a000)]
  0x00007f8b8000a800 JavaThread "DestroyJavaVM" [_thread_blocked, id=8935, stack(0x00007f8b889bb000,0x00007f8b88abc000)]
=>0x00007f8b8030e800 JavaThread "AWT-EventQueue-0" [_thread_in_native, id=8953, stack(0x00007f8b60090000,0x00007f8b60191000)]
  0x00007f8b8030c800 JavaThread "AWT-Shutdown" [_thread_blocked, id=8952, stack(0x00007f8b60191000,0x00007f8b60292000)]
  0x00007f8b802ca000 JavaThread "AWT-XAWT" daemon [_thread_in_native, id=8949, stack(0x00007f8b60494000,0x00007f8b60595000)]
  0x00007f8b802a7000 JavaThread "Java2D Disposer" daemon [_thread_blocked, id=8948, stack(0x00007f8b700e2000,0x00007f8b701e3000)]
  0x00007f8b800ba000 JavaThread "Service Thread" daemon [_thread_blocked, id=8946, stack(0x00007f8b7046d000,0x00007f8b7056e000)]
  0x00007f8b800b7800 JavaThread "C1 CompilerThread1" daemon [_thread_blocked, id=8945, stack(0x00007f8b7056e000,0x00007f8b7066f000)]
  0x00007f8b800b4800 JavaThread "C2 CompilerThread0" daemon [_thread_blocked, id=8944, stack(0x00007f8b7066f000,0x00007f8b70770000)]
  0x00007f8b800b3000 JavaThread "Signal Dispatcher" daemon [_thread_blocked, id=8943, stack(0x00007f8b70770000,0x00007f8b70871000)]
  0x00007f8b80080000 JavaThread "Finalizer" daemon [_thread_blocked, id=8942, stack(0x00007f8b709fa000,0x00007f8b70afb000)]
  0x00007f8b8007b800 JavaThread "Reference Handler" daemon [_thread_blocked, id=8941, stack(0x00007f8b70afb000,0x00007f8b70bfc000)]

Other Threads:
  0x00007f8b80074000 VMThread [stack: 0x00007f8b70bfc000,0x00007f8b70cfd000] [id=8940]
  0x00007f8b800bd000 WatcherThread [stack: 0x00007f8b7036c000,0x00007f8b7046d000] [id=8947]

VM state:not at safepoint (normal execution)

VM Mutex/Monitor currently owned by a thread: None

Heap:
 PSYoungGen      total 16384K, used 2667K [0x00000000ee000000, 0x00000000efe80000, 0x0000000100000000)
  eden space 14336K, 18% used [0x00000000ee000000,0x00000000ee29ad60,0x00000000eee00000)
  from space 2048K, 0% used [0x00000000eee00000,0x00000000eee00000,0x00000000ef000000)
  to   space 2048K, 0% used [0x00000000efc80000,0x00000000efc80000,0x00000000efe80000)
 ParOldGen       total 26112K, used 7418K [0x00000000ca000000, 0x00000000cb980000, 0x00000000ee000000)
  object space 26112K, 28% used [0x00000000ca000000,0x00000000ca73eb00,0x00000000cb980000)
 Metaspace       used 21555K, capacity 21790K, committed 22192K, reserved 1069056K
  class space    used 2407K, capacity 2485K, committed 2560K, reserved 1048576K

Card table byte_map: [0x00007f8b855e5000,0x00007f8b85796000] byte_map_base: 0x00007f8b84f95000

Marking Bits: (ParMarkBitMap*) 0x00007f8b87ead120
 Begin Bits: [0x00007f8b62500000, 0x00007f8b63280000)
 End Bits:   [0x00007f8b63280000, 0x00007f8b64000000)

Polling page: 0x00007f8b88ad9000

CodeCache: size=245760Kb used=8143Kb max_used=8453Kb free=237616Kb
 bounds [0x00007f8b71000000, 0x00007f8b71850000, 0x00007f8b80000000]
 total_blobs=3207 nmethods=2502 adapters=617
 compilation: enabled

Compilation events (10 events):
Event: 23.325 Thread 0x00007f8b800b7800 nmethod 2610 0x00007f8b71111cd0 code [0x00007f8b71111e40, 0x00007f8b71112068]
Event: 23.326 Thread 0x00007f8b800b7800 2609       1       java.awt.geom.RectIterator::getWindingRule (2 bytes)
Event: 23.326 Thread 0x00007f8b800b7800 nmethod 2609 0x00007f8b7124e410 code [0x00007f8b7124e560, 0x00007f8b7124e670]
Event: 23.327 Thread 0x00007f8b800b4800 nmethod 2608 0x00007f8b7113e110 code [0x00007f8b7113e280, 0x00007f8b7113e378]
Event: 23.469 Thread 0x00007f8b800b7800 2611       3       java.awt.Component::isFocusOwner (5 bytes)
Event: 23.470 Thread 0x00007f8b800b7800 nmethod 2611 0x00007f8b7135c210 code [0x00007f8b7135c3a0, 0x00007f8b7135c7a8]
Event: 23.471 Thread 0x00007f8b800b7800 2612       3       java.util.LinkedList$ListItr::hasNext (20 bytes)
Event: 23.471 Thread 0x00007f8b800b7800 nmethod 2612 0x00007f8b711f4d10 code [0x00007f8b711f4e80, 0x00007f8b711f5030]
Event: 23.471 Thread 0x00007f8b800b7800 2613   !   3       java.awt.Container::isParentOf (49 bytes)
Event: 23.472 Thread 0x00007f8b800b7800 nmethod 2613 0x00007f8b71321bd0 code [0x00007f8b71321d80, 0x00007f8b71322488]

GC Heap History (8 events):
Event: 1.190 GC heap before
{Heap before GC invocations=1 (full 0):
 PSYoungGen      total 16384K, used 14336K [0x00000000ee000000, 0x00000000ef200000, 0x0000000100000000)
  eden space 14336K, 100% used [0x00000000ee000000,0x00000000eee00000,0x00000000eee00000)
  from space 2048K, 0% used [0x00000000ef000000,0x00000000ef000000,0x00000000ef200000)
  to   space 2048K, 0% used [0x00000000eee00000,0x00000000eee00000,0x00000000ef000000)
 ParOldGen       total 36864K, used 0K [0x00000000ca000000, 0x00000000cc400000, 0x00000000ee000000)
  object space 36864K, 0% used [0x00000000ca000000,0x00000000ca000000,0x00000000cc400000)
 Metaspace       used 13190K, capacity 13360K, committed 13696K, reserved 1060864K
  class space    used 1505K, capacity 1576K, committed 1664K, reserved 1048576K
Event: 1.202 GC heap after
Heap after GC invocations=1 (full 0):
 PSYoungGen      total 16384K, used 2037K [0x00000000ee000000, 0x00000000f0000000, 0x0000000100000000)
  eden space 14336K, 0% used [0x00000000ee000000,0x00000000ee000000,0x00000000eee00000)
  from space 2048K, 99% used [0x00000000eee00000,0x00000000eeffd480,0x00000000ef000000)
  to   space 2048K, 0% used [0x00000000efe00000,0x00000000efe00000,0x00000000f0000000)
 ParOldGen       total 36864K, used 1807K [0x00000000ca000000, 0x00000000cc400000, 0x00000000ee000000)
  object space 36864K, 4% used [0x00000000ca000000,0x00000000ca1c3eb8,0x00000000cc400000)
 Metaspace       used 13190K, capacity 13360K, committed 13696K, reserved 1060864K
  class space    used 1505K, capacity 1576K, committed 1664K, reserved 1048576K
}
Event: 7.136 GC heap before
{Heap before GC invocations=2 (full 0):
 PSYoungGen      total 16384K, used 16373K [0x00000000ee000000, 0x00000000f0000000, 0x0000000100000000)
  eden space 14336K, 100% used [0x00000000ee000000,0x00000000eee00000,0x00000000eee00000)
  from space 2048K, 99% used [0x00000000eee00000,0x00000000eeffd480,0x00000000ef000000)
  to   space 2048K, 0% used [0x00000000efe00000,0x00000000efe00000,0x00000000f0000000)
 ParOldGen       total 36864K, used 1807K [0x00000000ca000000, 0x00000000cc400000, 0x00000000ee000000)
  object space 36864K, 4% used [0x00000000ca000000,0x00000000ca1c3eb8,0x00000000cc400000)
 Metaspace       used 18787K, capacity 18974K, committed 19328K, reserved 1067008K
  class space    used 2047K, capacity 2101K, committed 2176K, reserved 1048576K
Event: 7.154 GC heap after
Heap after GC invocations=2 (full 0):
 PSYoungGen      total 16384K, used 2021K [0x00000000ee000000, 0x00000000f0000000, 0x0000000100000000)
  eden space 14336K, 0% used [0x00000000ee000000,0x00000000ee000000,0x00000000eee00000)
  from space 2048K, 98% used [0x00000000efe00000,0x00000000efff94c0,0x00000000f0000000)
  to   space 2048K, 0% used [0x00000000eee00000,0x00000000eee00000,0x00000000ef000000)
 ParOldGen       total 36864K, used 5551K [0x00000000ca000000, 0x00000000cc400000, 0x00000000ee000000)
  object space 36864K, 15% used [0x00000000ca000000,0x00000000ca56bf20,0x00000000cc400000)
 Metaspace       used 18787K, capacity 18974K, committed 19328K, reserved 1067008K
  class space    used 2047K, capacity 2101K, committed 2176K, reserved 1048576K
}
Event: 13.946 GC heap before
{Heap before GC invocations=3 (full 0):
 PSYoungGen      total 16384K, used 13732K [0x00000000ee000000, 0x00000000f0000000, 0x0000000100000000)
  eden space 14336K, 81% used [0x00000000ee000000,0x00000000eeb6fbe0,0x00000000eee00000)
  from space 2048K, 98% used [0x00000000efe00000,0x00000000efff94c0,0x00000000f0000000)
  to   space 2048K, 0% used [0x00000000eee00000,0x00000000eee00000,0x00000000ef000000)
 ParOldGen       total 36864K, used 5551K [0x00000000ca000000, 0x00000000cc400000, 0x00000000ee000000)
  object space 36864K, 15% used [0x00000000ca000000,0x00000000ca56bf20,0x00000000cc400000)
 Metaspace       used 20984K, capacity 21150K, committed 21296K, reserved 1069056K
  class space    used 2346K, capacity 2421K, committed 2432K, reserved 1048576K
Event: 13.958 GC heap after
Heap after GC invocations=3 (full 0):
 PSYoungGen      total 16384K, used 2032K [0x00000000ee000000, 0x00000000efe80000, 0x0000000100000000)
  eden space 14336K, 0% used [0x00000000ee000000,0x00000000ee000000,0x00000000eee00000)
  from space 2048K, 99% used [0x00000000eee00000,0x00000000eeffc180,0x00000000ef000000)
  to   space 2048K, 0% used [0x00000000efc80000,0x00000000efc80000,0x00000000efe80000)
 ParOldGen       total 36864K, used 7658K [0x00000000ca000000, 0x00000000cc400000, 0x00000000ee000000)
  object space 36864K, 20% used [0x00000000ca000000,0x00000000ca77ab38,0x00000000cc400000)
 Metaspace       used 20984K, capacity 21150K, committed 21296K, reserved 1069056K
  class space    used 2346K, capacity 2421K, committed 2432K, reserved 1048576K
}
Event: 13.958 GC heap before
{Heap before GC invocations=4 (full 1):
 PSYoungGen      total 16384K, used 2032K [0x00000000ee000000, 0x00000000efe80000, 0x0000000100000000)
  eden space 14336K, 0% used [0x00000000ee000000,0x00000000ee000000,0x00000000eee00000)
  from space 2048K, 99% used [0x00000000eee00000,0x00000000eeffc180,0x00000000ef000000)
  to   space 2048K, 0% used [0x00000000efc80000,0x00000000efc80000,0x00000000efe80000)
 ParOldGen       total 36864K, used 7658K [0x00000000ca000000, 0x00000000cc400000, 0x00000000ee000000)
  object space 36864K, 20% used [0x00000000ca000000,0x00000000ca77ab38,0x00000000cc400000)
 Metaspace       used 20984K, capacity 21150K, committed 21296K, reserved 1069056K
  class space    used 2346K, capacity 2421K, committed 2432K, reserved 1048576K
Event: 13.999 GC heap after
Heap after GC invocations=4 (full 1):
 PSYoungGen      total 16384K, used 0K [0x00000000ee000000, 0x00000000efe80000, 0x0000000100000000)
  eden space 14336K, 0% used [0x00000000ee000000,0x00000000ee000000,0x00000000eee00000)
  from space 2048K, 0% used [0x00000000eee00000,0x00000000eee00000,0x00000000ef000000)
  to   space 2048K, 0% used [0x00000000efc80000,0x00000000efc80000,0x00000000efe80000)
 ParOldGen       total 26112K, used 7418K [0x00000000ca000000, 0x00000000cb980000, 0x00000000ee000000)
  object space 26112K, 28% used [0x00000000ca000000,0x00000000ca73eb00,0x00000000cb980000)
 Metaspace       used 20984K, capacity 21150K, committed 21296K, reserved 1069056K
  class space    used 2346K, capacity 2421K, committed 2432K, reserved 1048576K
}

Deoptimization events (10 events):
Event: 0.127 Thread 0x00007f8b8000a800 Uncommon trap: reason=unstable_if action=reinterpret pc=0x00007f8b7111a9b0 method=java.lang.String.hashCode()I @ 14
Event: 0.782 Thread 0x00007f8b8000a800 Uncommon trap: reason=class_check action=maybe_recompile pc=0x00007f8b7111d3b0 method=java.lang.String.equals(Ljava/lang/Object;)Z @ 8
Event: 0.784 Thread 0x00007f8b8000a800 Uncommon trap: reason=class_check action=maybe_recompile pc=0x00007f8b7111d3b0 method=java.lang.String.equals(Ljava/lang/Object;)Z @ 8
Event: 0.784 Thread 0x00007f8b8000a800 Uncommon trap: reason=class_check action=maybe_recompile pc=0x00007f8b7111d3b0 method=java.lang.String.equals(Ljava/lang/Object;)Z @ 8
Event: 0.835 Thread 0x00007f8b8000a800 Uncommon trap: reason=class_check action=maybe_recompile pc=0x00007f8b7111d3b0 method=java.lang.String.equals(Ljava/lang/Object;)Z @ 8
Event: 3.538 Thread 0x00007f8b8030e800 Uncommon trap: reason=unstable_if action=reinterpret pc=0x00007f8b71296268 method=java.lang.String.indexOf([CII[CIII)I @ 3
Event: 3.598 Thread 0x00007f8b40008000 Uncommon trap: reason=unstable_if action=reinterpret pc=0x00007f8b71242790 method=java.util.Properties.loadConvert([CII[C)Ljava/lang/String; @ 57
Event: 6.889 Thread 0x00007f8b40008000 Uncommon trap: reason=bimorphic action=maybe_recompile pc=0x00007f8b7141e3a0 method=java.util.HashMap.putVal(ILjava/lang/Object;Ljava/lang/Object;ZZ)Ljava/lang/Object; @ 253
Event: 7.502 Thread 0x00007f8b40008000 Uncommon trap: reason=unstable_if action=reinterpret pc=0x00007f8b7158ffd8 method=org.h2.value.ValueTimestamp.equals(Ljava/lang/Object;)Z @ 30
Event: 9.453 Thread 0x00007f8b40009800 Uncommon trap: reason=unstable_if action=reinterpret pc=0x00007f8b715942c0 method=org.h2.result.SimpleRowValue.getValue(I)Lorg/h2/value/Value; @ 5

Internal exceptions (10 events):
Event: 13.830 Thread 0x00007f8b8030e800 Exception <a 'java/net/BindException'> (0x00000000ee8c5ff0) thrown at [/HUDSON3/workspace/8-2-build-linux-amd64/jdk8u101/7261/hotspot/src/share/vm/prims/jni.cpp, line 709]
Event: 13.830 Thread 0x00007f8b8030e800 Exception <a 'java/net/BindException'> (0x00000000ee8c7fa8) thrown at [/HUDSON3/workspace/8-2-build-linux-amd64/jdk8u101/7261/hotspot/src/share/vm/prims/jni.cpp, line 709]
Event: 13.868 Thread 0x00007f8b8030e800 Exception <a 'java/net/BindException'> (0x00000000ee91d3b8) thrown at [/HUDSON3/workspace/8-2-build-linux-amd64/jdk8u101/7261/hotspot/src/share/vm/prims/jni.cpp, line 709]
Event: 13.868 Thread 0x00007f8b8030e800 Exception <a 'java/net/BindException'> (0x00000000ee91f370) thrown at [/HUDSON3/workspace/8-2-build-linux-amd64/jdk8u101/7261/hotspot/src/share/vm/prims/jni.cpp, line 709]
Event: 13.880 Thread 0x00007f8b8030e800 Exception <a 'java/net/BindException'> (0x00000000ee9b26e0) thrown at [/HUDSON3/workspace/8-2-build-linux-amd64/jdk8u101/7261/hotspot/src/share/vm/prims/jni.cpp, line 709]
Event: 13.880 Thread 0x00007f8b8030e800 Exception <a 'java/net/BindException'> (0x00000000ee9b4698) thrown at [/HUDSON3/workspace/8-2-build-linux-amd64/jdk8u101/7261/hotspot/src/share/vm/prims/jni.cpp, line 709]
Event: 13.885 Thread 0x00007f8b8030e800 Exception <a 'java/net/BindException'> (0x00000000ee9c3668) thrown at [/HUDSON3/workspace/8-2-build-linux-amd64/jdk8u101/7261/hotspot/src/share/vm/prims/jni.cpp, line 709]
Event: 13.886 Thread 0x00007f8b8030e800 Exception <a 'java/net/BindException'> (0x00000000ee9c5620) thrown at [/HUDSON3/workspace/8-2-build-linux-amd64/jdk8u101/7261/hotspot/src/share/vm/prims/jni.cpp, line 709]
Event: 14.057 Thread 0x00007f8b8030e800 Exception <a 'org/gnu/glpk/GlpkException': function glp_set_mat_row failed> (0x00000000ee1d4be8) thrown at [/HUDSON3/workspace/8-2-build-linux-amd64/jdk8u101/7261/hotspot/src/share/vm/prims/jni.cpp, line 735]
Event: 14.285 Thread 0x00007f8b8030e800 Exception <a 'java/lang/UnsupportedOperationException': > (0x00000000ee2511b0) thrown at [/HUDSON3/workspace/8-2-build-linux-amd64/jdk8u101/7261/hotspot/src/share/vm/prims/jni.cpp, line 735]

Events (10 events):
Event: 20.252 Thread 0x00007f8b800b7800 flushing nmethod 0x00007f8b712f2b10
Event: 20.252 Thread 0x00007f8b800b7800 flushing nmethod 0x00007f8b71305f10
Event: 20.252 Thread 0x00007f8b800b7800 flushing nmethod 0x00007f8b7130bd90
Event: 20.252 Thread 0x00007f8b800b7800 flushing nmethod 0x00007f8b7131b390
Event: 20.252 Thread 0x00007f8b800b7800 flushing nmethod 0x00007f8b7131b6d0
Event: 20.252 Thread 0x00007f8b800b7800 flushing nmethod 0x00007f8b71321bd0
Event: 23.326 Thread 0x00007f8b800b7800 flushing nmethod 0x00007f8b7135c210
Event: 23.326 Thread 0x00007f8b800b7800 flushing nmethod 0x00007f8b71361c90
Event: 23.326 Thread 0x00007f8b800b7800 flushing nmethod 0x00007f8b713627d0
Event: 23.326 Thread 0x00007f8b800b7800 flushing nmethod 0x00007f8b7136e1d0


Dynamic libraries:
00400000-00401000 r-xp 00000000 08:06 3021760                            /usr/lib/jvm/java-8-oracle/bin/java
00600000-00601000 rw-p 00000000 08:06 3021760                            /usr/lib/jvm/java-8-oracle/bin/java
01d66000-01d87000 rw-p 00000000 00:00 0                                  [heap]
ca000000-cb980000 rw-p 00000000 00:00 0 
cb980000-ee000000 ---p 00000000 00:00 0 
ee000000-efe80000 rw-p 00000000 00:00 0 
efe80000-100000000 ---p 00000000 00:00 0 
100000000-100280000 rw-p 00000000 00:00 0 
100280000-140000000 ---p 00000000 00:00 0 
7f8b30959000-7f8b309da000 r-xp 00000000 08:06 1708255                    /usr/lib/x86_64-linux-gnu/libgmp.so.10.2.0
7f8b309da000-7f8b30bda000 ---p 00081000 08:06 1708255                    /usr/lib/x86_64-linux-gnu/libgmp.so.10.2.0
7f8b30bda000-7f8b30bdb000 r--p 00081000 08:06 1708255                    /usr/lib/x86_64-linux-gnu/libgmp.so.10.2.0
7f8b30bdb000-7f8b30bdc000 rw-p 00082000 08:06 1708255                    /usr/lib/x86_64-linux-gnu/libgmp.so.10.2.0
7f8b30bdc000-7f8b30be5000 r-xp 00000000 08:06 1712336                    /usr/lib/x86_64-linux-gnu/libltdl.so.7.3.0
7f8b30be5000-7f8b30de4000 ---p 00009000 08:06 1712336                    /usr/lib/x86_64-linux-gnu/libltdl.so.7.3.0
7f8b30de4000-7f8b30de5000 r--p 00008000 08:06 1712336                    /usr/lib/x86_64-linux-gnu/libltdl.so.7.3.0
7f8b30de5000-7f8b30de6000 rw-p 00009000 08:06 1712336                    /usr/lib/x86_64-linux-gnu/libltdl.so.7.3.0
7f8b30de6000-7f8b30e00000 r-xp 00000000 08:06 3932260                    /lib/x86_64-linux-gnu/libz.so.1.2.8
7f8b30e00000-7f8b30fff000 ---p 0001a000 08:06 3932260                    /lib/x86_64-linux-gnu/libz.so.1.2.8
7f8b30fff000-7f8b31000000 r--p 00019000 08:06 3932260                    /lib/x86_64-linux-gnu/libz.so.1.2.8
7f8b31000000-7f8b31001000 rw-p 0001a000 08:06 3932260                    /lib/x86_64-linux-gnu/libz.so.1.2.8
7f8b31001000-7f8b31009000 r-xp 00000000 08:06 1716136                    /usr/lib/x86_64-linux-gnu/libamd.so.2.3.1
7f8b31009000-7f8b31208000 ---p 00008000 08:06 1716136                    /usr/lib/x86_64-linux-gnu/libamd.so.2.3.1
7f8b31208000-7f8b31209000 r--p 00007000 08:06 1716136                    /usr/lib/x86_64-linux-gnu/libamd.so.2.3.1
7f8b31209000-7f8b3120a000 rw-p 00008000 08:06 1716136                    /usr/lib/x86_64-linux-gnu/libamd.so.2.3.1
7f8b3120a000-7f8b31210000 r-xp 00000000 08:06 1716996                    /usr/lib/x86_64-linux-gnu/libcolamd.so.2.8.0
7f8b31210000-7f8b3140f000 ---p 00006000 08:06 1716996                    /usr/lib/x86_64-linux-gnu/libcolamd.so.2.8.0
7f8b3140f000-7f8b31410000 r--p 00005000 08:06 1716996                    /usr/lib/x86_64-linux-gnu/libcolamd.so.2.8.0
7f8b31410000-7f8b31411000 rw-p 00006000 08:06 1716996                    /usr/lib/x86_64-linux-gnu/libcolamd.so.2.8.0
7f8b31411000-7f8b314e9000 r-xp 00000000 08:06 1737528                    /usr/lib/x86_64-linux-gnu/libglpk.so.36.1.2
7f8b314e9000-7f8b316e8000 ---p 000d8000 08:06 1737528                    /usr/lib/x86_64-linux-gnu/libglpk.so.36.1.2
7f8b316e8000-7f8b316ea000 r--p 000d7000 08:06 1737528                    /usr/lib/x86_64-linux-gnu/libglpk.so.36.1.2
7f8b316ea000-7f8b316eb000 rw-p 000d9000 08:06 1737528                    /usr/lib/x86_64-linux-gnu/libglpk.so.36.1.2
7f8b316eb000-7f8b3171b000 r-xp 00000000 08:06 4597056                    /root/NetBeansProjects/LibreFeed/.libs/libglpk_java.so.40.1.0
7f8b3171b000-7f8b3191a000 ---p 00030000 08:06 4597056                    /root/NetBeansProjects/LibreFeed/.libs/libglpk_java.so.40.1.0
7f8b3191a000-7f8b3191b000 rw-p 0002f000 08:06 4597056                    /root/NetBeansProjects/LibreFeed/.libs/libglpk_java.so.40.1.0
7f8b3191b000-7f8b3191e000 ---p 00000000 00:00 0 
7f8b3191e000-7f8b31a1c000 rw-p 00000000 00:00 0                          [stack:8975]
7f8b31a1c000-7f8b31a1f000 ---p 00000000 00:00 0 
7f8b31a1f000-7f8b31b1d000 rw-p 00000000 00:00 0                          [stack:8974]
7f8b31b1d000-7f8b31b20000 ---p 00000000 00:00 0 
7f8b31b20000-7f8b31c1e000 rw-p 00000000 00:00 0                          [stack:8973]
7f8b31c1e000-7f8b31c21000 ---p 00000000 00:00 0 
7f8b31c21000-7f8b31d1f000 rw-p 00000000 00:00 0                          [stack:8972]
7f8b31d1f000-7f8b31d22000 ---p 00000000 00:00 0 
7f8b31d22000-7f8b31f4c000 rw-p 00000000 00:00 0                          [stack:8971]
7f8b31f4c000-7f8b32020000 ---p 00000000 00:00 0 
7f8b32020000-7f8b32023000 ---p 00000000 00:00 0 
7f8b32023000-7f8b32121000 rw-p 00000000 00:00 0                          [stack:8970]
7f8b32121000-7f8b32124000 ---p 00000000 00:00 0 
7f8b32124000-7f8b32222000 rw-p 00000000 00:00 0                          [stack:8969]
7f8b32222000-7f8b32225000 ---p 00000000 00:00 0 
7f8b32225000-7f8b32323000 rw-p 00000000 00:00 0                          [stack:8968]
7f8b32323000-7f8b32326000 ---p 00000000 00:00 0 
7f8b32326000-7f8b32624000 rw-p 00000000 00:00 0 
7f8b32624000-7f8b32627000 ---p 00000000 00:00 0 
7f8b32627000-7f8b32725000 rw-p 00000000 00:00 0                          [stack:8964]
7f8b32725000-7f8b32728000 ---p 00000000 00:00 0 
7f8b32728000-7f8b32826000 rw-p 00000000 00:00 0                          [stack:8962]
7f8b32826000-7f8b32829000 ---p 00000000 00:00 0 
7f8b32829000-7f8b32927000 rw-p 00000000 00:00 0                          [stack:8961]
7f8b32927000-7f8b3292a000 ---p 00000000 00:00 0 
7f8b3292a000-7f8b32a28000 rw-p 00000000 00:00 0                          [stack:8959]
7f8b32a28000-7f8b32a2b000 ---p 00000000 00:00 0 
7f8b32a2b000-7f8b32d29000 rw-p 00000000 00:00 0                          [stack:8956]
7f8b32d29000-7f8b32d2c000 ---p 00000000 00:00 0 
7f8b32d2c000-7f8b3302a000 rw-p 00000000 00:00 0                          [stack:8955]
7f8b3302a000-7f8b33054000 r-xp 00000000 08:06 3162190                    /usr/lib/jvm/java-8-oracle/jre/lib/amd64/libdcpr.so
7f8b33054000-7f8b33254000 ---p 0002a000 08:06 3162190                    /usr/lib/jvm/java-8-oracle/jre/lib/amd64/libdcpr.so
7f8b33254000-7f8b33257000 rw-p 0002a000 08:06 3162190                    /usr/lib/jvm/java-8-oracle/jre/lib/amd64/libdcpr.so
7f8b33257000-7f8b33457000 rw-p 00000000 00:00 0 
7f8b33457000-7f8b334c0000 r-xp 00000000 08:06 3162239                    /usr/lib/jvm/java-8-oracle/jre/lib/amd64/libt2k.so
7f8b334c0000-7f8b336c0000 ---p 00069000 08:06 3162239                    /usr/lib/jvm/java-8-oracle/jre/lib/amd64/libt2k.so
7f8b336c0000-7f8b336c7000 rw-p 00069000 08:06 3162239                    /usr/lib/jvm/java-8-oracle/jre/lib/amd64/libt2k.so
7f8b336c7000-7f8b336d7000 rw-p 00000000 00:00 0 
7f8b336d7000-7f8b336e8000 r-xp 00000000 08:06 3162208                    /usr/lib/jvm/java-8-oracle/jre/lib/amd64/libnio.so
7f8b336e8000-7f8b338e7000 ---p 00011000 08:06 3162208                    /usr/lib/jvm/java-8-oracle/jre/lib/amd64/libnio.so
7f8b338e7000-7f8b338e8000 rw-p 00010000 08:06 3162208                    /usr/lib/jvm/java-8-oracle/jre/lib/amd64/libnio.so
7f8b338e8000-7f8b33be9000 rw-p 00000000 00:00 0 
7f8b33be9000-7f8b33bff000 r-xp 00000000 08:06 3162185                    /usr/lib/jvm/java-8-oracle/jre/lib/amd64/libnet.so
7f8b33bff000-7f8b33dff000 ---p 00016000 08:06 3162185                    /usr/lib/jvm/java-8-oracle/jre/lib/amd64/libnet.so
7f8b33dff000-7f8b33e00000 rw-p 00016000 08:06 3162185                    /usr/lib/jvm/java-8-oracle/jre/lib/amd64/libnet.so
7f8b33e00000-7f8b34000000 rw-p 00000000 00:00 0 
7f8b34000000-7f8b34047000 rw-p 00000000 00:00 0 
7f8b34047000-7f8b38000000 ---p 00000000 00:00 0 
7f8b38000000-7f8b3849a000 rw-p 00000000 00:00 0 
7f8b3849a000-7f8b3c000000 ---p 00000000 00:00 0 
7f8b3c000000-7f8b3c04e000 rw-p 00000000 00:00 0 
7f8b3c04e000-7f8b40000000 ---p 00000000 00:00 0 
7f8b40000000-7f8b40031000 rw-p 00000000 00:00 0 
7f8b40031000-7f8b44000000 ---p 00000000 00:00 0 
7f8b44000000-7f8b44021000 rw-p 00000000 00:00 0 
7f8b44021000-7f8b48000000 ---p 00000000 00:00 0 
7f8b48000000-7f8b48021000 rw-p 00000000 00:00 0 
7f8b48021000-7f8b4c000000 ---p 00000000 00:00 0 
7f8b4c000000-7f8b4c70b000 rw-p 00000000 00:00 0 
7f8b4c70b000-7f8b50000000 ---p 00000000 00:00 0 
7f8b50000000-7f8b508e6000 rw-p 00000000 00:00 0 
7f8b508e6000-7f8b54000000 ---p 00000000 00:00 0 
7f8b54000000-7f8b54021000 rw-p 00000000 00:00 0 
7f8b54021000-7f8b58000000 ---p 00000000 00:00 0 
7f8b58000000-7f8b58021000 rw-p 00000000 00:00 0 
7f8b58021000-7f8b5c000000 ---p 00000000 00:00 0 
7f8b5c000000-7f8b5c021000 rw-p 00000000 00:00 0 
7f8b5c021000-7f8b60000000 ---p 00000000 00:00 0 
7f8b60090000-7f8b60093000 ---p 00000000 00:00 0 
7f8b60093000-7f8b60191000 rw-p 00000000 00:00 0                          [stack:8953]
7f8b60191000-7f8b60194000 ---p 00000000 00:00 0 
7f8b60194000-7f8b60292000 rw-p 00000000 00:00 0                          [stack:8952]
7f8b60292000-7f8b60295000 ---p 00000000 00:00 0 
7f8b60295000-7f8b60393000 rw-p 00000000 00:00 0 
7f8b60393000-7f8b60396000 ---p 00000000 00:00 0 
7f8b60396000-7f8b60494000 rw-p 00000000 00:00 0 
7f8b60494000-7f8b60497000 ---p 00000000 00:00 0 
7f8b60497000-7f8b60595000 rw-p 00000000 00:00 0                          [stack:8949]
7f8b60595000-7f8b6059a000 r-xp 00000000 08:06 1711269                    /usr/lib/x86_64-linux-gnu/libXfixes.so.3.1.0
7f8b6059a000-7f8b60799000 ---p 00005000 08:06 1711269                    /usr/lib/x86_64-linux-gnu/libXfixes.so.3.1.0
7f8b60799000-7f8b6079a000 r--p 00004000 08:06 1711269                    /usr/lib/x86_64-linux-gnu/libXfixes.so.3.1.0
7f8b6079a000-7f8b6079b000 rw-p 00005000 08:06 1711269                    /usr/lib/x86_64-linux-gnu/libXfixes.so.3.1.0
7f8b6079b000-7f8b607a5000 r-xp 00000000 08:06 1711333                    /usr/lib/x86_64-linux-gnu/libXcursor.so.1.0.2
7f8b607a5000-7f8b609a4000 ---p 0000a000 08:06 1711333                    /usr/lib/x86_64-linux-gnu/libXcursor.so.1.0.2
7f8b609a4000-7f8b609a5000 r--p 00009000 08:06 1711333                    /usr/lib/x86_64-linux-gnu/libXcursor.so.1.0.2
7f8b609a5000-7f8b609a6000 rw-p 0000a000 08:06 1711333                    /usr/lib/x86_64-linux-gnu/libXcursor.so.1.0.2
7f8b609a6000-7f8b609bc000 r-xp 00000000 08:06 3932164                    /lib/x86_64-linux-gnu/libgcc_s.so.1
7f8b609bc000-7f8b60bbb000 ---p 00016000 08:06 3932164                    /lib/x86_64-linux-gnu/libgcc_s.so.1
7f8b60bbb000-7f8b60bbc000 rw-p 00015000 08:06 3932164                    /lib/x86_64-linux-gnu/libgcc_s.so.1
7f8b60bbc000-7f8b60c21000 r-xp 00000000 08:06 3162202                    /usr/lib/jvm/java-8-oracle/jre/lib/amd64/libfontmanager.so
7f8b60c21000-7f8b60e20000 ---p 00065000 08:06 3162202                    /usr/lib/jvm/java-8-oracle/jre/lib/amd64/libfontmanager.so
7f8b60e20000-7f8b60e25000 rw-p 00064000 08:06 3162202                    /usr/lib/jvm/java-8-oracle/jre/lib/amd64/libfontmanager.so
7f8b60e25000-7f8b60e35000 rw-p 00000000 00:00 0 
7f8b60e35000-7f8b60e3a000 r-xp 00000000 08:06 1710905                    /usr/lib/x86_64-linux-gnu/libXdmcp.so.6.0.0
7f8b60e3a000-7f8b61039000 ---p 00005000 08:06 1710905                    /usr/lib/x86_64-linux-gnu/libXdmcp.so.6.0.0
7f8b61039000-7f8b6103a000 rw-p 00004000 08:06 1710905                    /usr/lib/x86_64-linux-gnu/libXdmcp.so.6.0.0
7f8b6103a000-7f8b6103d000 r-xp 00000000 08:06 1710903                    /usr/lib/x86_64-linux-gnu/libXau.so.6.0.0
7f8b6103d000-7f8b6123c000 ---p 00003000 08:06 1710903                    /usr/lib/x86_64-linux-gnu/libXau.so.6.0.0
7f8b6123c000-7f8b6123d000 r--p 00002000 08:06 1710903                    /usr/lib/x86_64-linux-gnu/libXau.so.6.0.0
7f8b6123d000-7f8b6123e000 rw-p 00003000 08:06 1710903                    /usr/lib/x86_64-linux-gnu/libXau.so.6.0.0
7f8b6123e000-7f8b6125f000 r-xp 00000000 08:06 1710907                    /usr/lib/x86_64-linux-gnu/libxcb.so.1.1.0
7f8b6125f000-7f8b6145e000 ---p 00021000 08:06 1710907                    /usr/lib/x86_64-linux-gnu/libxcb.so.1.1.0
7f8b6145e000-7f8b6145f000 r--p 00020000 08:06 1710907                    /usr/lib/x86_64-linux-gnu/libxcb.so.1.1.0
7f8b6145f000-7f8b61460000 rw-p 00021000 08:06 1710907                    /usr/lib/x86_64-linux-gnu/libxcb.so.1.1.0
7f8b61460000-7f8b6146f000 r-xp 00000000 08:06 1711335                    /usr/lib/x86_64-linux-gnu/libXi.so.6.1.0
7f8b6146f000-7f8b6166e000 ---p 0000f000 08:06 1711335                    /usr/lib/x86_64-linux-gnu/libXi.so.6.1.0
7f8b6166e000-7f8b6166f000 r--p 0000e000 08:06 1711335                    /usr/lib/x86_64-linux-gnu/libXi.so.6.1.0
7f8b6166f000-7f8b61670000 rw-p 0000f000 08:06 1711335                    /usr/lib/x86_64-linux-gnu/libXi.so.6.1.0
7f8b61670000-7f8b61675000 r-xp 00000000 08:06 1711857                    /usr/lib/x86_64-linux-gnu/libXtst.so.6.1.0
7f8b61675000-7f8b61874000 ---p 00005000 08:06 1711857                    /usr/lib/x86_64-linux-gnu/libXtst.so.6.1.0
7f8b61874000-7f8b61875000 r--p 00004000 08:06 1711857                    /usr/lib/x86_64-linux-gnu/libXtst.so.6.1.0
7f8b61875000-7f8b61876000 rw-p 00005000 08:06 1711857                    /usr/lib/x86_64-linux-gnu/libXtst.so.6.1.0
7f8b61876000-7f8b6187f000 r-xp 00000000 08:06 1710918                    /usr/lib/x86_64-linux-gnu/libXrender.so.1.3.0
7f8b6187f000-7f8b61a7e000 ---p 00009000 08:06 1710918                    /usr/lib/x86_64-linux-gnu/libXrender.so.1.3.0
7f8b61a7e000-7f8b61a7f000 r--p 00008000 08:06 1710918                    /usr/lib/x86_64-linux-gnu/libXrender.so.1.3.0
7f8b61a7f000-7f8b61a80000 rw-p 00009000 08:06 1710918                    /usr/lib/x86_64-linux-gnu/libXrender.so.1.3.0
7f8b61a80000-7f8b61bbc000 r-xp 00000000 08:06 1710911                    /usr/lib/x86_64-linux-gnu/libX11.so.6.3.0
7f8b61bbc000-7f8b61dbb000 ---p 0013c000 08:06 1710911                    /usr/lib/x86_64-linux-gnu/libX11.so.6.3.0
7f8b61dbb000-7f8b61dbd000 r--p 0013b000 08:06 1710911                    /usr/lib/x86_64-linux-gnu/libX11.so.6.3.0
7f8b61dbd000-7f8b61dc2000 rw-p 0013d000 08:06 1710911                    /usr/lib/x86_64-linux-gnu/libX11.so.6.3.0
7f8b61dc2000-7f8b61dc3000 rw-p 00000000 00:00 0 
7f8b61dc3000-7f8b61dd4000 r-xp 00000000 08:06 1710914                    /usr/lib/x86_64-linux-gnu/libXext.so.6.4.0
7f8b61dd4000-7f8b61fd3000 ---p 00011000 08:06 1710914                    /usr/lib/x86_64-linux-gnu/libXext.so.6.4.0
7f8b61fd3000-7f8b61fd4000 r--p 00010000 08:06 1710914                    /usr/lib/x86_64-linux-gnu/libXext.so.6.4.0
7f8b61fd4000-7f8b61fd5000 rw-p 00011000 08:06 1710914                    /usr/lib/x86_64-linux-gnu/libXext.so.6.4.0
7f8b61fd5000-7f8b62029000 r-xp 00000000 08:06 3162210                    /usr/lib/jvm/java-8-oracle/jre/lib/amd64/libawt_xawt.so
7f8b62029000-7f8b62229000 ---p 00054000 08:06 3162210                    /usr/lib/jvm/java-8-oracle/jre/lib/amd64/libawt_xawt.so
7f8b62229000-7f8b6222d000 rw-p 00054000 08:06 3162210                    /usr/lib/jvm/java-8-oracle/jre/lib/amd64/libawt_xawt.so
7f8b6222d000-7f8b6222e000 rw-p 00000000 00:00 0 
7f8b6222e000-7f8b622d0000 r-xp 00000000 08:06 3162242                    /usr/lib/jvm/java-8-oracle/jre/lib/amd64/libawt.so
7f8b622d0000-7f8b624d0000 ---p 000a2000 08:06 3162242                    /usr/lib/jvm/java-8-oracle/jre/lib/amd64/libawt.so
7f8b624d0000-7f8b624dc000 rw-p 000a2000 08:06 3162242                    /usr/lib/jvm/java-8-oracle/jre/lib/amd64/libawt.so
7f8b624dc000-7f8b64000000 rw-p 00000000 00:00 0 
7f8b64000000-7f8b64021000 rw-p 00000000 00:00 0 
7f8b64021000-7f8b68000000 ---p 00000000 00:00 0 
7f8b68000000-7f8b68021000 rw-p 00000000 00:00 0 
7f8b68021000-7f8b6c000000 ---p 00000000 00:00 0 
7f8b6c000000-7f8b6c024000 rw-p 00000000 00:00 0 
7f8b6c024000-7f8b70000000 ---p 00000000 00:00 0 
7f8b700b3000-7f8b700b7000 r--s 00097000 08:06 3162084                    /usr/lib/jvm/java-8-oracle/jre/lib/jsse.jar
7f8b700b7000-7f8b700ca000 r--s 00345000 08:06 3162166                    /usr/lib/jvm/java-8-oracle/jre/lib/resources.jar
7f8b700de000-7f8b700e2000 rw-p 00000000 00:00 0 
7f8b700e2000-7f8b700e5000 ---p 00000000 00:00 0 
7f8b700e5000-7f8b701e3000 rw-p 00000000 00:00 0                          [stack:8948]
7f8b701e3000-7f8b701f0000 r--s 000fa000 08:06 4596958                    /root/NetBeansProjects/LibreFeed/jfreechart-1.0.1.jar
7f8b701f0000-7f8b7022e000 r--s 0025d000 08:06 4596925                    /root/NetBeansProjects/LibreFeed/xmlbeans-2.6.0.jar
7f8b7022e000-7f8b7023f000 r--s 00136000 08:06 4596918                    /root/NetBeansProjects/LibreFeed/poi-ooxml-3.15.jar
7f8b7023f000-7f8b70269000 r--s 0024c000 08:06 4596849                    /root/NetBeansProjects/LibreFeed/poi-3.15.jar
7f8b70269000-7f8b702b6000 r--s 0048f000 08:06 4596893                    /root/NetBeansProjects/LibreFeed/groovy-all-1.7.0.jar
7f8b702b6000-7f8b702f1000 r--s 002e6000 08:06 4596901                    /root/NetBeansProjects/LibreFeed/jasperreports-4.1.1.jar
7f8b702f1000-7f8b7036c000 r--s 00784000 08:06 2370719                    /usr/local/netbeans-8.0.2/java/modules/ext/eclipselink/eclipselink.jar
7f8b7036c000-7f8b7036d000 ---p 00000000 00:00 0 
7f8b7036d000-7f8b7046d000 rw-p 00000000 00:00 0                          [stack:8947]
7f8b7046d000-7f8b70470000 ---p 00000000 00:00 0 
7f8b70470000-7f8b7056e000 rw-p 00000000 00:00 0                          [stack:8946]
7f8b7056e000-7f8b70571000 ---p 00000000 00:00 0 
7f8b70571000-7f8b7066f000 rw-p 00000000 00:00 0                          [stack:8945]
7f8b7066f000-7f8b70672000 ---p 00000000 00:00 0 
7f8b70672000-7f8b70770000 rw-p 00000000 00:00 0                          [stack:8944]
7f8b70770000-7f8b70773000 ---p 00000000 00:00 0 
7f8b70773000-7f8b70871000 rw-p 00000000 00:00 0                          [stack:8943]
7f8b70871000-7f8b709fa000 r--p 00000000 08:06 1707872                    /usr/lib/locale/locale-archive
7f8b709fa000-7f8b709fd000 ---p 00000000 00:00 0 
7f8b709fd000-7f8b70afb000 rw-p 00000000 00:00 0                          [stack:8942]
7f8b70afb000-7f8b70afe000 ---p 00000000 00:00 0 
7f8b70afe000-7f8b70bfc000 rw-p 00000000 00:00 0                          [stack:8941]
7f8b70bfc000-7f8b70bfd000 ---p 00000000 00:00 0 
7f8b70bfd000-7f8b71000000 rw-p 00000000 00:00 0                          [stack:8940]
7f8b71000000-7f8b71850000 rwxp 00000000 00:00 0 
7f8b71850000-7f8b80000000 ---p 00000000 00:00 0 
7f8b80000000-7f8b805ba000 rw-p 00000000 00:00 0 
7f8b805ba000-7f8b84000000 ---p 00000000 00:00 0 
7f8b84000000-7f8b84003000 rw-s 00000000 00:04 876019726                  /SYSV00000000 (deleted)
7f8b84003000-7f8b84008000 r--s 00043000 08:06 4596559                    /root/NetBeansProjects/LibreFeed/jcommon-1.0.0.jar
7f8b84008000-7f8b84009000 r--s 0009e000 08:06 4596897                    /root/NetBeansProjects/LibreFeed/jxl-2.6.9.jar.zip
7f8b84009000-7f8b84015000 r--s 00108000 08:06 4596899                    /root/NetBeansProjects/LibreFeed/itext-2.1.7.jar
7f8b84015000-7f8b84016000 r--s 0000c000 08:06 4596892                    /root/NetBeansProjects/LibreFeed/commons-logging-1.1.jar
7f8b84016000-7f8b84024000 r--s 0007f000 08:06 4596823                    /root/NetBeansProjects/LibreFeed/commons-collections-3.2.1.jar
7f8b84024000-7f8b84031000 r--s 00189000 08:06 4596807                    /root/NetBeansProjects/h2-1.3.176.jar
7f8b84031000-7f8b8404e000 r--s 00131000 08:06 2369769                    /usr/local/netbeans-8.0.2/java/modules/ext/eclipselink/org.eclipse.persistence.jpa.jpql_2.5.2.v20140319-9ad6abd.jar
7f8b8404e000-7f8b846c4000 rw-p 00000000 00:00 0 
7f8b846c4000-7f8b8489d000 r--s 03d29000 08:06 3162132                    /usr/lib/jvm/java-8-oracle/jre/lib/rt.jar
7f8b8489d000-7f8b852c3000 rw-p 00000000 00:00 0 
7f8b852c3000-7f8b852c4000 ---p 00000000 00:00 0 
7f8b852c4000-7f8b853c4000 rw-p 00000000 00:00 0                          [stack:8939]
7f8b853c4000-7f8b853c5000 ---p 00000000 00:00 0 
7f8b853c5000-7f8b854d2000 rw-p 00000000 00:00 0                          [stack:8938]
7f8b854d2000-7f8b855e5000 ---p 00000000 00:00 0 
7f8b855e5000-7f8b855f2000 rw-p 00000000 00:00 0 
7f8b855f2000-7f8b85705000 ---p 00000000 00:00 0 
7f8b85705000-7f8b85715000 rw-p 00000000 00:00 0 
7f8b85715000-7f8b85795000 ---p 00000000 00:00 0 
7f8b85795000-7f8b857b8000 rw-p 00000000 00:00 0 
7f8b857b8000-7f8b85b56000 ---p 00000000 00:00 0 
7f8b85b56000-7f8b85b70000 r-xp 00000000 08:06 3162206                    /usr/lib/jvm/java-8-oracle/jre/lib/amd64/libzip.so
7f8b85b70000-7f8b85d70000 ---p 0001a000 08:06 3162206                    /usr/lib/jvm/java-8-oracle/jre/lib/amd64/libzip.so
7f8b85d70000-7f8b85d71000 rw-p 0001a000 08:06 3162206                    /usr/lib/jvm/java-8-oracle/jre/lib/amd64/libzip.so
7f8b85d71000-7f8b85d7c000 r-xp 00000000 08:06 3932359                    /lib/x86_64-linux-gnu/libnss_files-2.19.so
7f8b85d7c000-7f8b85f7b000 ---p 0000b000 08:06 3932359                    /lib/x86_64-linux-gnu/libnss_files-2.19.so
7f8b85f7b000-7f8b85f7c000 r--p 0000a000 08:06 3932359                    /lib/x86_64-linux-gnu/libnss_files-2.19.so
7f8b85f7c000-7f8b85f7d000 rw-p 0000b000 08:06 3932359                    /lib/x86_64-linux-gnu/libnss_files-2.19.so
7f8b85f7d000-7f8b85f87000 r-xp 00000000 08:06 3932366                    /lib/x86_64-linux-gnu/libnss_nis-2.19.so
7f8b85f87000-7f8b86186000 ---p 0000a000 08:06 3932366                    /lib/x86_64-linux-gnu/libnss_nis-2.19.so
7f8b86186000-7f8b86187000 r--p 00009000 08:06 3932366                    /lib/x86_64-linux-gnu/libnss_nis-2.19.so
7f8b86187000-7f8b86188000 rw-p 0000a000 08:06 3932366                    /lib/x86_64-linux-gnu/libnss_nis-2.19.so
7f8b86188000-7f8b8619d000 r-xp 00000000 08:06 3932342                    /lib/x86_64-linux-gnu/libnsl-2.19.so
7f8b8619d000-7f8b8639c000 ---p 00015000 08:06 3932342                    /lib/x86_64-linux-gnu/libnsl-2.19.so
7f8b8639c000-7f8b8639d000 r--p 00014000 08:06 3932342                    /lib/x86_64-linux-gnu/libnsl-2.19.so
7f8b8639d000-7f8b8639e000 rw-p 00015000 08:06 3932342                    /lib/x86_64-linux-gnu/libnsl-2.19.so
7f8b8639e000-7f8b863a0000 rw-p 00000000 00:00 0 
7f8b863a0000-7f8b863a7000 r-xp 00000000 08:06 3932350                    /lib/x86_64-linux-gnu/libnss_compat-2.19.so
7f8b863a7000-7f8b865a6000 ---p 00007000 08:06 3932350                    /lib/x86_64-linux-gnu/libnss_compat-2.19.so
7f8b865a6000-7f8b865a7000 r--p 00006000 08:06 3932350                    /lib/x86_64-linux-gnu/libnss_compat-2.19.so
7f8b865a7000-7f8b865a8000 rw-p 00007000 08:06 3932350                    /lib/x86_64-linux-gnu/libnss_compat-2.19.so
7f8b865a8000-7f8b865d2000 r-xp 00000000 08:06 3162232                    /usr/lib/jvm/java-8-oracle/jre/lib/amd64/libjava.so
7f8b865d2000-7f8b867d2000 ---p 0002a000 08:06 3162232                    /usr/lib/jvm/java-8-oracle/jre/lib/amd64/libjava.so
7f8b867d2000-7f8b867d4000 rw-p 0002a000 08:06 3162232                    /usr/lib/jvm/java-8-oracle/jre/lib/amd64/libjava.so
7f8b867d4000-7f8b867e1000 r-xp 00000000 08:06 3162186                    /usr/lib/jvm/java-8-oracle/jre/lib/amd64/libverify.so
7f8b867e1000-7f8b869e1000 ---p 0000d000 08:06 3162186                    /usr/lib/jvm/java-8-oracle/jre/lib/amd64/libverify.so
7f8b869e1000-7f8b869e3000 rw-p 0000d000 08:06 3162186                    /usr/lib/jvm/java-8-oracle/jre/lib/amd64/libverify.so
7f8b869e3000-7f8b869ea000 r-xp 00000000 08:06 3932625                    /lib/x86_64-linux-gnu/librt-2.19.so
7f8b869ea000-7f8b86be9000 ---p 00007000 08:06 3932625                    /lib/x86_64-linux-gnu/librt-2.19.so
7f8b86be9000-7f8b86bea000 r--p 00006000 08:06 3932625                    /lib/x86_64-linux-gnu/librt-2.19.so
7f8b86bea000-7f8b86beb000 rw-p 00007000 08:06 3932625                    /lib/x86_64-linux-gnu/librt-2.19.so
7f8b86beb000-7f8b86ceb000 r-xp 00000000 08:06 3932330                    /lib/x86_64-linux-gnu/libm-2.19.so
7f8b86ceb000-7f8b86eea000 ---p 00100000 08:06 3932330                    /lib/x86_64-linux-gnu/libm-2.19.so
7f8b86eea000-7f8b86eeb000 r--p 000ff000 08:06 3932330                    /lib/x86_64-linux-gnu/libm-2.19.so
7f8b86eeb000-7f8b86eec000 rw-p 00100000 08:06 3932330                    /lib/x86_64-linux-gnu/libm-2.19.so
7f8b86eec000-7f8b87bb7000 r-xp 00000000 08:06 3162236                    /usr/lib/jvm/java-8-oracle/jre/lib/amd64/server/libjvm.so
7f8b87bb7000-7f8b87db6000 ---p 00ccb000 08:06 3162236                    /usr/lib/jvm/java-8-oracle/jre/lib/amd64/server/libjvm.so
7f8b87db6000-7f8b87e8f000 rw-p 00cca000 08:06 3162236                    /usr/lib/jvm/java-8-oracle/jre/lib/amd64/server/libjvm.so
7f8b87e8f000-7f8b87eda000 rw-p 00000000 00:00 0 
7f8b87eda000-7f8b8807b000 r-xp 00000000 08:06 3932224                    /lib/x86_64-linux-gnu/libc-2.19.so
7f8b8807b000-7f8b8827b000 ---p 001a1000 08:06 3932224                    /lib/x86_64-linux-gnu/libc-2.19.so
7f8b8827b000-7f8b8827f000 r--p 001a1000 08:06 3932224                    /lib/x86_64-linux-gnu/libc-2.19.so
7f8b8827f000-7f8b88281000 rw-p 001a5000 08:06 3932224                    /lib/x86_64-linux-gnu/libc-2.19.so
7f8b88281000-7f8b88285000 rw-p 00000000 00:00 0 
7f8b88285000-7f8b88288000 r-xp 00000000 08:06 3932316                    /lib/x86_64-linux-gnu/libdl-2.19.so
7f8b88288000-7f8b88487000 ---p 00003000 08:06 3932316                    /lib/x86_64-linux-gnu/libdl-2.19.so
7f8b88487000-7f8b88488000 r--p 00002000 08:06 3932316                    /lib/x86_64-linux-gnu/libdl-2.19.so
7f8b88488000-7f8b88489000 rw-p 00003000 08:06 3932316                    /lib/x86_64-linux-gnu/libdl-2.19.so
7f8b88489000-7f8b8849e000 r-xp 00000000 08:06 3016869                    /usr/lib/jvm/java-8-oracle/lib/amd64/jli/libjli.so
7f8b8849e000-7f8b8869e000 ---p 00015000 08:06 3016869                    /usr/lib/jvm/java-8-oracle/lib/amd64/jli/libjli.so
7f8b8869e000-7f8b8869f000 rw-p 00015000 08:06 3016869                    /usr/lib/jvm/java-8-oracle/lib/amd64/jli/libjli.so
7f8b8869f000-7f8b886b7000 r-xp 00000000 08:06 3932206                    /lib/x86_64-linux-gnu/libpthread-2.19.so
7f8b886b7000-7f8b888b6000 ---p 00018000 08:06 3932206                    /lib/x86_64-linux-gnu/libpthread-2.19.so
7f8b888b6000-7f8b888b7000 r--p 00017000 08:06 3932206                    /lib/x86_64-linux-gnu/libpthread-2.19.so
7f8b888b7000-7f8b888b8000 rw-p 00018000 08:06 3932206                    /lib/x86_64-linux-gnu/libpthread-2.19.so
7f8b888b8000-7f8b888bc000 rw-p 00000000 00:00 0 
7f8b888bc000-7f8b888dc000 r-xp 00000000 08:06 3932211                    /lib/x86_64-linux-gnu/ld-2.19.so
7f8b888dc000-7f8b888e0000 r--s 0001f000 08:06 4596884                    /root/NetBeansProjects/LibreFeed/commons-digester-1.7.jar
7f8b888e0000-7f8b888e5000 r--s 00034000 08:06 4596905                    /root/NetBeansProjects/LibreFeed/commons-beanutils-1.8.2.jar
7f8b888e5000-7f8b889bb000 rw-p 00000000 00:00 0 
7f8b889bb000-7f8b889be000 ---p 00000000 00:00 0 
7f8b889be000-7f8b88ac0000 rw-p 00000000 00:00 0                          [stack:8935]
7f8b88ac0000-7f8b88ac2000 r--s 0000b000 08:06 4596877                    /root/NetBeansProjects/LibreFeed/commons-dbutils-1.4.jar
7f8b88ac2000-7f8b88ac4000 r--s 0000a000 08:06 4596501                    /root/NetBeansProjects/LibreFeed/glpk-java.jar
7f8b88ac4000-7f8b88ac6000 r--s 0000c000 08:06 4596577                    /root/NetBeansProjects/LibreFeed/glpk-java-sources.jar
7f8b88ac6000-7f8b88ac8000 r--s 0002f000 08:06 4596548                    /root/NetBeansProjects/LibreFeed/glpk-java-javadoc.jar
7f8b88ac8000-7f8b88aca000 r--s 00009000 08:06 4596680                    /root/NetBeansProjects/LibreFeed/jdatepicker-1.3.4.jar
7f8b88aca000-7f8b88ad0000 r--s 00022000 08:06 2369843                    /usr/local/netbeans-8.0.2/java/modules/ext/eclipselink/javax.persistence_2.1.0.v201304241213.jar
7f8b88ad0000-7f8b88ad8000 rw-s 00000000 08:06 1179675                    /tmp/hsperfdata_root/8933
7f8b88ad8000-7f8b88ad9000 rw-p 00000000 00:00 0 
7f8b88ad9000-7f8b88ada000 r--p 00000000 00:00 0 
7f8b88ada000-7f8b88adc000 rw-p 00000000 00:00 0 
7f8b88adc000-7f8b88add000 r--p 00020000 08:06 3932211                    /lib/x86_64-linux-gnu/ld-2.19.so
7f8b88add000-7f8b88ade000 rw-p 00021000 08:06 3932211                    /lib/x86_64-linux-gnu/ld-2.19.so
7f8b88ade000-7f8b88adf000 rw-p 00000000 00:00 0 
7ffeb0684000-7ffeb06a5000 rw-p 00000000 00:00 0                          [stack]
7ffeb0744000-7ffeb0746000 r-xp 00000000 00:00 0                          [vdso]
7ffeb0746000-7ffeb0748000 r--p 00000000 00:00 0                          [vvar]
ffffffffff600000-ffffffffff601000 r-xp 00000000 00:00 0                  [vsyscall]

VM Arguments:
jvm_args: -Dfile.encoding=UTF-8 -Djava.library.path=/root/NetBeansProjects/LibreFeed/.libs 
java_command: MainClass
java_class_path (initial): /usr/local/netbeans-8.0.2/java/modules/ext/eclipselink/eclipselink.jar:/usr/local/netbeans-8.0.2/java/modules/ext/eclipselink/javax.persistence_2.1.0.v201304241213.jar:/usr/local/netbeans-8.0.2/java/modules/ext/eclipselink/org.eclipse.persistence.jpa.jpql_2.5.2.v20140319-9ad6abd.jar:/root/NetBeansProjects/h2-1.3.176.jar:/root/NetBeansProjects/LibreFeed/jdatepicker-1.3.4.jar:/root/NetBeansProjects/LibreFeed/glpk-java-javadoc.jar:/root/NetBeansProjects/LibreFeed/glpk-java-sources.jar:/root/NetBeansProjects/LibreFeed/glpk-java.jar:/root/NetBeansProjects/LibreFeed/commons-beanutils-1.8.2.jar:/root/NetBeansProjects/LibreFeed/commons-collections-3.2.1.jar:/root/NetBeansProjects/LibreFeed/commons-dbutils-1.4.jar:/root/NetBeansProjects/LibreFeed/commons-digester-1.7.jar:/root/NetBeansProjects/LibreFeed/commons-logging-1.1.jar:/root/NetBeansProjects/LibreFeed/itext-2.1.7.jar:/root/NetBeansProjects/LibreFeed/jasperreports-4.1.1.jar:/root/NetBeansProjects/LibreFeed/groovy-all-1.7.0.jar:/root/NetBeansProjects/LibreFeed/poi-3.15.jar:/root/NetBeansProjects/LibreFeed/jxl-2.6.9.jar.zip:/root/NetBeansProjects/LibreFeed/poi-ooxml-3.15.jar:/root/NetBeansProjects/LibreFeed/xmlbeans-2.6.0.jar:/root/NetBeansProjects/LibreFeed/jcommon-1.0.0.jar:/root/NetBeansProjects/LibreFeed/jfreechart-1.0.1.jar:/root/NetBeansProjects/LibreFeed/build/classes
Launcher Type: SUN_STANDARD

Environment Variables:
PATH=/usr/local/sbin:/usr/local/bin:/usr/sbin:/usr/bin:/sbin:/bin
USERNAME=root
LD_LIBRARY_PATH=/usr/lib/jvm/java-8-oracle/jre/lib/amd64:/usr/lib/jvm/java-8-oracle/jre/lib/i386:
SHELL=/bin/bash
DISPLAY=:0.0

Signal Handlers:
SIGSEGV: [libjvm.so+0xac4790], sa_mask[0]=11111111011111111101111111111110, sa_flags=SA_RESTART|SA_SIGINFO
SIGBUS: [libjvm.so+0xac4790], sa_mask[0]=11111111011111111101111111111110, sa_flags=SA_RESTART|SA_SIGINFO
SIGFPE: [libjvm.so+0x91f140], sa_mask[0]=11111111011111111101111111111110, sa_flags=SA_RESTART|SA_SIGINFO
SIGPIPE: [libjvm.so+0x91f140], sa_mask[0]=11111111011111111101111111111110, sa_flags=SA_RESTART|SA_SIGINFO
SIGXFSZ: [libjvm.so+0x91f140], sa_mask[0]=11111111011111111101111111111110, sa_flags=SA_RESTART|SA_SIGINFO
SIGILL: [libjvm.so+0x91f140], sa_mask[0]=11111111011111111101111111111110, sa_flags=SA_RESTART|SA_SIGINFO
SIGUSR1: SIG_DFL, sa_mask[0]=00000000000000000000000000000000, sa_flags=none
SIGUSR2: [libjvm.so+0x920770], sa_mask[0]=00100000000000000000000000000000, sa_flags=SA_RESTART|SA_SIGINFO
SIGHUP: [libjvm.so+0x921b70], sa_mask[0]=11111111011111111101111111111110, sa_flags=SA_RESTART|SA_SIGINFO
SIGINT: SIG_IGN, sa_mask[0]=00000000000000000000000000000000, sa_flags=none
SIGTERM: [libjvm.so+0x921b70], sa_mask[0]=11111111011111111101111111111110, sa_flags=SA_RESTART|SA_SIGINFO
SIGQUIT: [libjvm.so+0x921b70], sa_mask[0]=11111111011111111101111111111110, sa_flags=SA_RESTART|SA_SIGINFO


---------------  S Y S T E M  ---------------

OS:PRETTY_NAME="Debian GNU/Linux 8 (jessie)"
NAME="Debian GNU/Linux"
VERSION_ID="8"
VERSION="8 (jessie)"
ID=debian
HOME_URL="http://www.debian.org/"
SUPPORT_URL="http://www.debian.org/support"
BUG_REPORT_URL="https://bugs.debian.org/"

uname:Linux 3.16.0-4-amd64 #1 SMP Debian 3.16.7-ckt25-2+deb8u3 (2016-07-02) x86_64
libc:glibc 2.19 NPTL 2.19 
rlimit: STACK 8192k, CORE 0k, NPROC 13498, NOFILE 65536, AS infinity
load average:0.59 0.65 0.55

/proc/meminfo:
MemTotal:        3538512 kB
MemFree:          233356 kB
MemAvailable:     945112 kB
Buffers:           53880 kB
Cached:           780504 kB
SwapCached:         6252 kB
Active:          2197492 kB
Inactive:         859556 kB
Active(anon):    1635856 kB
Inactive(anon):   621960 kB
Active(file):     561636 kB
Inactive(file):   237596 kB
Unevictable:           0 kB
Mlocked:               0 kB
SwapTotal:       3905532 kB
SwapFree:        3657812 kB
Dirty:               116 kB
Writeback:             0 kB
AnonPages:       2218036 kB
Mapped:           178148 kB
Shmem:             35152 kB
Slab:             187396 kB
SReclaimable:     162932 kB
SUnreclaim:        24464 kB
KernelStack:        7680 kB
PageTables:        29276 kB
NFS_Unstable:          0 kB
Bounce:                0 kB
WritebackTmp:          0 kB
CommitLimit:     5674788 kB
Committed_AS:    5323760 kB
VmallocTotal:   34359738367 kB
VmallocUsed:      273324 kB
VmallocChunk:   34359462008 kB
HardwareCorrupted:     0 kB
AnonHugePages:         0 kB
HugePages_Total:       0
HugePages_Free:        0
HugePages_Rsvd:        0
HugePages_Surp:        0
Hugepagesize:       2048 kB
DirectMap4k:       61376 kB
DirectMap2M:     2557952 kB
DirectMap1G:     1048576 kB


CPU:total 2 (2 cores per cpu, 1 threads per core) family 16 model 6 stepping 3, cmov, cx8, fxsr, mmx, sse, sse2, sse3, popcnt, mmxext, 3dnowpref, lzcnt, sse4a, tsc, tscinvbit, tscinv

/proc/cpuinfo:
processor	: 0
vendor_id	: AuthenticAMD
cpu family	: 16
model		: 6
model name	: AMD Athlon(tm) II X2 260 Processor
stepping	: 3
microcode	: 0x10000c8
cpu MHz		: 3200.000
cache size	: 1024 KB
physical id	: 0
siblings	: 2
core id		: 0
cpu cores	: 2
apicid		: 0
initial apicid	: 0
fpu		: yes
fpu_exception	: yes
cpuid level	: 5
wp		: yes
flags		: fpu vme de pse tsc msr pae mce cx8 apic sep mtrr pge mca cmov pat pse36 clflush mmx fxsr sse sse2 ht syscall nx mmxext fxsr_opt pdpe1gb rdtscp lm 3dnowext 3dnow constant_tsc rep_good nopl nonstop_tsc extd_apicid pni monitor cx16 popcnt lahf_lm cmp_legacy svm extapic cr8_legacy abm sse4a misalignsse 3dnowprefetch osvw ibs skinit wdt hw_pstate npt lbrv svm_lock nrip_save vmmcall
bogomips	: 6428.77
TLB size	: 1024 4K pages
clflush size	: 64
cache_alignment	: 64
address sizes	: 48 bits physical, 48 bits virtual
power management: ts ttp tm stc 100mhzsteps hwpstate

processor	: 1
vendor_id	: AuthenticAMD
cpu family	: 16
model		: 6
model name	: AMD Athlon(tm) II X2 260 Processor
stepping	: 3
microcode	: 0x10000c8
cpu MHz		: 3200.000
cache size	: 1024 KB
physical id	: 0
siblings	: 2
core id		: 1
cpu cores	: 2
apicid		: 1
initial apicid	: 1
fpu		: yes
fpu_exception	: yes
cpuid level	: 5
wp		: yes
flags		: fpu vme de pse tsc msr pae mce cx8 apic sep mtrr pge mca cmov pat pse36 clflush mmx fxsr sse sse2 ht syscall nx mmxext fxsr_opt pdpe1gb rdtscp lm 3dnowext 3dnow constant_tsc rep_good nopl nonstop_tsc extd_apicid pni monitor cx16 popcnt lahf_lm cmp_legacy svm extapic cr8_legacy abm sse4a misalignsse 3dnowprefetch osvw ibs skinit wdt hw_pstate npt lbrv svm_lock nrip_save vmmcall
bogomips	: 6428.77
TLB size	: 1024 4K pages
clflush size	: 64
cache_alignment	: 64
address sizes	: 48 bits physical, 48 bits virtual
power management: ts ttp tm stc 100mhzsteps hwpstate



Memory: 4k page, physical 3538512k(233232k free), swap 3905532k(3657812k free)

vm_info: Java HotSpot(TM) 64-Bit Server VM (25.101-b13) for linux-amd64 JRE (1.8.0_101-b13), built on Jun 22 2016 02:59:44 by "java_re" with gcc 4.3.0 20080428 (Red Hat 4.3.0-8)

time: Sun Mar 12 17:14:35 2017
elapsed time: 23 seconds (0d 0h 0m 23s)

